<?xml version="1.0" encoding="UTF-8"?>
<!-- Generated by org.testng.reporters.JUnitReportReporter -->
<testsuite hostname="DESKTOP-LOJ9DAU" failures="0" tests="1" name="temp.TestClass" time="0.016" errors="0" timestamp="2023-02-07T11:39:07 IST" skipped="0">
  <testcase classname="temp.TestClass" name="testMethod" time="0.016"/>
  <system-out/>
</testsuite> <!-- temp.TestClass -->
