<?xml version="1.0" encoding="UTF-8"?>
<!-- Generated by org.testng.reporters.JUnitReportReporter -->
<testsuite hostname="DESKTOP-LOJ9DAU" failures="0" tests="1" name="seleniumQues.RedBus" time="34.947" errors="0" timestamp="2023-01-31T11:23:44 IST" skipped="0">
  <testcase classname="seleniumQues.RedBus" name="searchSourceLocation" time="34.947"/>
  <system-out/>
</testsuite> <!-- seleniumQues.RedBus -->
